# JRE version: OpenJDK Runtime Environment (11.0.18+10) (build 11.0.18+10-post-Ubuntu-0ubuntu120.04.1)
# Java VM: OpenJDK 64-Bit Server VM (11.0.18+10-post-Ubuntu-0ubuntu120.04.1, mixed mode, sharing, tiered, compressed oops, g1 gc, linux-amd64)
Heap:
 garbage-first heap   total 67584K, used 38858K [0x00000000e0000000, 0x0000000100000000)
  region size 1024K, 31 young (31744K), 3 survivors (3072K)
 Metaspace       used 25037K, capacity 25695K, committed 26032K, reserved 1073152K
  class space    used 2766K, capacity 3069K, committed 3072K, reserved 1048576K
GC Heap History (20 events):
Event: 186.404 GC heap before
{Heap before GC invocations=10 (full 0):
 garbage-first heap   total 67584K, used 41098K [0x00000000e0000000, 0x0000000100000000)
  region size 1024K, 35 young (35840K), 2 survivors (2048K)
 Metaspace       used 22877K, capacity 23497K, committed 24112K, reserved 1071104K
  class space    used 2562K, capacity 2855K, committed 2944K, reserved 1048576K
}
Event: 186.412 GC heap after
{Heap after GC invocations=11 (full 0):
 garbage-first heap   total 67584K, used 9271K [0x00000000e0000000, 0x0000000100000000)
  region size 1024K, 4 young (4096K), 4 survivors (4096K)
 Metaspace       used 22877K, capacity 23497K, committed 24112K, reserved 1071104K
  class space    used 2562K, capacity 2855K, committed 2944K, reserved 1048576K
}
Event: 191.934 GC heap before
{Heap before GC invocations=11 (full 0):
 garbage-first heap   total 67584K, used 43063K [0x00000000e0000000, 0x0000000100000000)
  region size 1024K, 37 young (37888K), 4 survivors (4096K)
 Metaspace       used 22892K, capacity 23497K, committed 24112K, reserved 1071104K
  class space    used 2562K, capacity 2855K, committed 2944K, reserved 1048576K
}
Event: 191.938 GC heap after
{Heap after GC invocations=12 (full 0):
 garbage-first heap   total 67584K, used 9280K [0x00000000e0000000, 0x0000000100000000)
  region size 1024K, 3 young (3072K), 3 survivors (3072K)
 Metaspace       used 22892K, capacity 23497K, committed 24112K, reserved 1071104K
  class space    used 2562K, capacity 2855K, committed 2944K, reserved 1048576K
}
Event: 218.821 GC heap before
{Heap before GC invocations=12 (full 0):
 garbage-first heap   total 67584K, used 44096K [0x00000000e0000000, 0x0000000100000000)
  region size 1024K, 37 young (37888K), 3 survivors (3072K)
 Metaspace       used 22895K, capacity 23497K, committed 24112K, reserved 1071104K
  class space    used 2562K, capacity 2855K, committed 2944K, reserved 1048576K
}
Event: 218.828 GC heap after
{Heap after GC invocations=13 (full 0):
 garbage-first heap   total 67584K, used 9156K [0x00000000e0000000, 0x0000000100000000)
  region size 1024K, 3 young (3072K), 3 survivors (3072K)
 Metaspace       used 22895K, capacity 23497K, committed 24112K, reserved 1071104K
  class space    used 2562K, capacity 2855K, committed 2944K, reserved 1048576K
}
Event: 223.339 GC heap before
{Heap before GC invocations=13 (full 0):
 garbage-first heap   total 67584K, used 44996K [0x00000000e0000000, 0x0000000100000000)
  region size 1024K, 38 young (38912K), 3 survivors (3072K)
 Metaspace       used 22898K, capacity 23497K, committed 24112K, reserved 1071104K
  class space    used 2562K, capacity 2855K, committed 2944K, reserved 1048576K
}
Event: 223.342 GC heap after
{Heap after GC invocations=14 (full 0):
 garbage-first heap   total 67584K, used 9432K [0x00000000e0000000, 0x0000000100000000)
  region size 1024K, 3 young (3072K), 3 survivors (3072K)
 Metaspace       used 22898K, capacity 23497K, committed 24112K, reserved 1071104K
  class space    used 2562K, capacity 2855K, committed 2944K, reserved 1048576K
}
Event: 285.237 GC heap before
{Heap before GC invocations=14 (full 0):
 garbage-first heap   total 67584K, used 44248K [0x00000000e0000000, 0x0000000100000000)
  region size 1024K, 38 young (38912K), 3 survivors (3072K)
 Metaspace       used 24474K, capacity 25140K, committed 25520K, reserved 1071104K
  class space    used 2742K, capacity 3035K, committed 3072K, reserved 1048576K
}
Event: 285.248 GC heap after
{Heap after GC invocations=15 (full 0):
 garbage-first heap   total 67584K, used 11241K [0x00000000e0000000, 0x0000000100000000)
  region size 1024K, 5 young (5120K), 5 survivors (5120K)
 Metaspace       used 24474K, capacity 25140K, committed 25520K, reserved 1071104K
  class space    used 2742K, capacity 3035K, committed 3072K, reserved 1048576K
}
Event: 287.998 GC heap before
{Heap before GC invocations=15 (full 0):
 garbage-first heap   total 67584K, used 45033K [0x00000000e0000000, 0x0000000100000000)
  region size 1024K, 38 young (38912K), 5 survivors (5120K)
 Metaspace       used 24475K, capacity 25140K, committed 25520K, reserved 1071104K
  class space    used 2742K, capacity 3035K, committed 3072K, reserved 1048576K
}
Event: 288.012 GC heap after
{Heap after GC invocations=16 (full 0):
 garbage-first heap   total 67584K, used 11100K [0x00000000e0000000, 0x0000000100000000)
  region size 1024K, 3 young (3072K), 3 survivors (3072K)
 Metaspace       used 24475K, capacity 25140K, committed 25520K, reserved 1071104K
  class space    used 2742K, capacity 3035K, committed 3072K, reserved 1048576K
}
Event: 288.763 GC heap before
{Heap before GC invocations=16 (full 0):
 garbage-first heap   total 67584K, used 46940K [0x00000000e0000000, 0x0000000100000000)
  region size 1024K, 38 young (38912K), 3 survivors (3072K)
 Metaspace       used 24475K, capacity 25140K, committed 25520K, reserved 1071104K
  class space    used 2742K, capacity 3035K, committed 3072K, reserved 1048576K
}
Event: 288.774 GC heap after
{Heap after GC invocations=17 (full 0):
 garbage-first heap   total 67584K, used 11012K [0x00000000e0000000, 0x0000000100000000)
  region size 1024K, 2 young (2048K), 2 survivors (2048K)
 Metaspace       used 24475K, capacity 25140K, committed 25520K, reserved 1071104K
  class space    used 2742K, capacity 3035K, committed 3072K, reserved 1048576K
}
Event: 340.231 GC heap before
{Heap before GC invocations=17 (full 0):
 garbage-first heap   total 67584K, used 47876K [0x00000000e0000000, 0x0000000100000000)
  region size 1024K, 38 young (38912K), 2 survivors (2048K)
 Metaspace       used 24476K, capacity 25140K, committed 25520K, reserved 1071104K
  class space    used 2742K, capacity 3035K, committed 3072K, reserved 1048576K
}
Event: 340.235 GC heap after
{Heap after GC invocations=18 (full 0):
 garbage-first heap   total 67584K, used 11160K [0x00000000e0000000, 0x0000000100000000)
  region size 1024K, 3 young (3072K), 3 survivors (3072K)
 Metaspace       used 24476K, capacity 25140K, committed 25520K, reserved 1071104K
  class space    used 2742K, capacity 3035K, committed 3072K, reserved 1048576K
}
Event: 364.908 GC heap before
{Heap before GC invocations=18 (full 0):
 garbage-first heap   total 67584K, used 47000K [0x00000000e0000000, 0x0000000100000000)
  region size 1024K, 38 young (38912K), 3 survivors (3072K)
 Metaspace       used 24591K, capacity 25268K, committed 25776K, reserved 1073152K
  class space    used 2743K, capacity 3035K, committed 3072K, reserved 1048576K
}
Event: 364.913 GC heap after
{Heap after GC invocations=19 (full 0):
 garbage-first heap   total 67584K, used 11044K [0x00000000e0000000, 0x0000000100000000)
  region size 1024K, 3 young (3072K), 3 survivors (3072K)
 Metaspace       used 24591K, capacity 25268K, committed 25776K, reserved 1073152K
  class space    used 2743K, capacity 3035K, committed 3072K, reserved 1048576K
}
Event: 422.117 GC heap before
{Heap before GC invocations=19 (full 0):
 garbage-first heap   total 67584K, used 46884K [0x00000000e0000000, 0x0000000100000000)
  region size 1024K, 38 young (38912K), 3 survivors (3072K)
 Metaspace       used 24682K, capacity 25396K, committed 25776K, reserved 1073152K
  class space    used 2743K, capacity 3035K, committed 3072K, reserved 1048576K
}
Event: 422.123 GC heap after
{Heap after GC invocations=20 (full 0):
 garbage-first heap   total 67584K, used 11210K [0x00000000e0000000, 0x0000000100000000)
  region size 1024K, 3 young (3072K), 3 survivors (3072K)
 Metaspace       used 24682K, capacity 25396K, committed 25776K, reserved 1073152K
  class space    used 2743K, capacity 3035K, committed 3072K, reserved 1048576K
}

